<?xml version="1.0" encoding="UTF-8"?>
<!-- Generated by org.testng.reporters.JUnitXMLReporter -->
<testsuite hostname="PoojaPatange-PC" ignored="0" name="Surefire test" tests="2" failures="1" timestamp="22 Oct 2018 08:32:18 GMT" time="116.263" errors="0">
  <testcase name="failTest" time="106.586" classname="CitoolAutomationTesting.AnalyticsTvProgramGuideClass">
    <failure type="java.lang.NoClassDefFoundError" message="org/sikuli/script/Screen">
      <![CDATA[java.lang.NoClassDefFoundError: org/sikuli/script/Screen
	at CitoolAutomationTesting.AnalyticsTvProgramGuideClass.TvProgramGuideMethod(AnalyticsTvProgramGuideClass.java:155)
	at CitoolAutomationTesting.AnalyticsTvProgramGuideClass.failTest(AnalyticsTvProgramGuideClass.java:77)
Caused by: java.lang.ClassNotFoundException: org.sikuli.script.Screen
	at java.net.URLClassLoader.findClass(URLClassLoader.java:381)
	at java.lang.ClassLoader.loadClass(ClassLoader.java:424)
	at sun.misc.Launcher$AppClassLoader.loadClass(Launcher.java:338)
	at java.lang.ClassLoader.loadClass(ClassLoader.java:357)
	... 32 more
... Removed 30 stack frames]]>
    </failure>
  </testcase> <!-- failTest -->
  <testcase name="passTest" time="0.003" classname="CitoolAutomationTesting.AnalyticsTvProgramGuideClass"/>
</testsuite> <!-- Surefire test -->
