<?xml version="1.0" encoding="UTF-8"?>
<!-- Generated by org.testng.reporters.JUnitXMLReporter -->
<testsuite hostname="PoojaPatange-PC" ignored="0" name="Surefire test" tests="2" failures="0" timestamp="14 Nov 2018 10:48:07 GMT" time="106.29" errors="0">
  <testcase name="failTest" time="104.945" classname="CitoolAutomationTesting.OpertionsArea_AramexTracking"/>
  <testcase name="passTest" time="0.002" classname="CitoolAutomationTesting.OpertionsArea_AramexTracking"/>
</testsuite> <!-- Surefire test -->
