<?xml version="1.0" encoding="UTF-8"?>
<!-- Generated by org.testng.reporters.JUnitXMLReporter -->
<testsuite hostname="PoojaPatange-PC" ignored="0" name="Default test" tests="2" failures="0" timestamp="14 Nov 2018 10:45:02 GMT" time="107.166" errors="0">
  <testcase name="failTest" time="105.807" classname="CitoolAutomationTesting.OpertionsArea_AramexTracking"/>
  <testcase name="passTest" time="0.016" classname="CitoolAutomationTesting.OpertionsArea_AramexTracking"/>
</testsuite> <!-- Default test -->
