<?xml version="1.0" encoding="UTF-8"?>
<testng-results skipped="0" failed="0" ignored="0" total="2" passed="2">
  <reporter-output>
  </reporter-output>
  <suite name="Surefire suite" duration-ms="106290" started-at="2018-11-14T10:46:20Z" finished-at="2018-11-14T10:48:07Z">
    <groups>
    </groups>
    <test name="Surefire test" duration-ms="106290" started-at="2018-11-14T10:46:20Z" finished-at="2018-11-14T10:48:07Z">
      <class name="CitoolAutomationTesting.OpertionsArea_AramexTracking">
        <test-method status="PASS" signature="startReport()[pri:0, instance:CitoolAutomationTesting.OpertionsArea_AramexTracking@c038203]" name="startReport" is-config="true" duration-ms="180" started-at="2018-11-14T14:46:20Z" finished-at="2018-11-14T14:46:21Z">
          <reporter-output>
          </reporter-output>
        </test-method> <!-- startReport -->
        <test-method status="PASS" signature="failTest()[pri:0, instance:CitoolAutomationTesting.OpertionsArea_AramexTracking@c038203]" name="failTest" duration-ms="104945" started-at="2018-11-14T14:46:21Z" finished-at="2018-11-14T14:48:05Z">
          <reporter-output>
          </reporter-output>
        </test-method> <!-- failTest -->
        <test-method status="PASS" signature="getResult(org.testng.ITestResult)[pri:0, instance:CitoolAutomationTesting.OpertionsArea_AramexTracking@c038203]" name="getResult" is-config="true" duration-ms="3" started-at="2018-11-14T14:48:05Z" finished-at="2018-11-14T14:48:05Z">
          <params>
            <param index="0">
              <value>
                <![CDATA[[TestResult name=failTest status=SUCCESS method=OpertionsArea_AramexTracking.failTest()[pri:0, instance:CitoolAutomationTesting.OpertionsArea_AramexTracking@c038203] output={null}]]]>
              </value>
            </param>
          </params>
          <reporter-output>
          </reporter-output>
        </test-method> <!-- getResult -->
        <test-method status="PASS" signature="passTest()[pri:0, instance:CitoolAutomationTesting.OpertionsArea_AramexTracking@c038203]" name="passTest" duration-ms="2" started-at="2018-11-14T14:48:05Z" finished-at="2018-11-14T14:48:05Z">
          <reporter-output>
          </reporter-output>
        </test-method> <!-- passTest -->
        <test-method status="PASS" signature="getResult(org.testng.ITestResult)[pri:0, instance:CitoolAutomationTesting.OpertionsArea_AramexTracking@c038203]" name="getResult" is-config="true" duration-ms="0" started-at="2018-11-14T14:48:05Z" finished-at="2018-11-14T14:48:05Z">
          <params>
            <param index="0">
              <value>
                <![CDATA[[TestResult name=passTest status=SUCCESS method=OpertionsArea_AramexTracking.passTest()[pri:0, instance:CitoolAutomationTesting.OpertionsArea_AramexTracking@c038203] output={null}]]]>
              </value>
            </param>
          </params>
          <reporter-output>
          </reporter-output>
        </test-method> <!-- getResult -->
        <test-method status="PASS" signature="endReport()[pri:0, instance:CitoolAutomationTesting.OpertionsArea_AramexTracking@c038203]" name="endReport" is-config="true" duration-ms="1147" started-at="2018-11-14T14:48:05Z" finished-at="2018-11-14T14:48:07Z">
          <reporter-output>
          </reporter-output>
        </test-method> <!-- endReport -->
      </class> <!-- CitoolAutomationTesting.OpertionsArea_AramexTracking -->
    </test> <!-- Surefire test -->
  </suite> <!-- Surefire suite -->
</testng-results>
