<?xml version="1.0" encoding="UTF-8"?>
<testsuite xmlns:xsi="http://www.w3.org/2001/XMLSchema-instance" xsi:noNamespaceSchemaLocation="https://maven.apache.org/surefire/maven-surefire-plugin/xsd/surefire-test-report.xsd" name="CitoolAutomationTesting.OpertionsArea_AramexTracking" time="106.777" tests="2" errors="0" skipped="0" failures="0">
  <properties>
[...]
</properties>
  <testcase name="failTest" classname="CitoolAutomationTesting.OpertionsArea_AramexTracking" time="104.946"/>
  <testcase name="passTest" classname="CitoolAutomationTesting.OpertionsArea_AramexTracking" time="0.002"/>
</testsuite>