<?xml version="1.0" encoding="UTF-8"?>
<testng-results skipped="0" failed="0" total="2" passed="2">
  <reporter-output>
  </reporter-output>
  <suite name="Default suite" duration-ms="141886" started-at="2018-11-08T13:40:37Z" finished-at="2018-11-08T13:42:58Z">
    <groups>
    </groups>
    <test name="Default test" duration-ms="141886" started-at="2018-11-08T13:40:37Z" finished-at="2018-11-08T13:42:58Z">
      <class name="CitoolAutomationTesting.Quality_CallEvaluation">
        <test-method status="PASS" signature="startReport()[pri:0, instance:CitoolAutomationTesting.Quality_CallEvaluation@34c4973]" name="startReport" is-config="true" duration-ms="331" started-at="2018-11-08T17:40:37Z" finished-at="2018-11-08T17:40:37Z">
          <reporter-output>
          </reporter-output>
        </test-method> <!-- startReport -->
        <test-method status="PASS" signature="failTest()[pri:0, instance:CitoolAutomationTesting.Quality_CallEvaluation@34c4973]" name="failTest" duration-ms="140456" started-at="2018-11-08T17:40:37Z" finished-at="2018-11-08T17:42:57Z">
          <reporter-output>
          </reporter-output>
        </test-method> <!-- failTest -->
        <test-method status="PASS" signature="getResult(org.testng.ITestResult)[pri:0, instance:CitoolAutomationTesting.Quality_CallEvaluation@34c4973]" name="getResult" is-config="true" duration-ms="3" started-at="2018-11-08T17:42:57Z" finished-at="2018-11-08T17:42:57Z">
          <params>
            <param index="0">
              <value>
                <![CDATA[[TestResult name=failTest status=SUCCESS method=Quality_CallEvaluation.failTest()[pri:0, instance:CitoolAutomationTesting.Quality_CallEvaluation@34c4973] output={null}]]]>
              </value>
            </param>
          </params>
          <reporter-output>
          </reporter-output>
        </test-method> <!-- getResult -->
        <test-method status="PASS" signature="passTest()[pri:0, instance:CitoolAutomationTesting.Quality_CallEvaluation@34c4973]" name="passTest" duration-ms="7" started-at="2018-11-08T17:42:57Z" finished-at="2018-11-08T17:42:57Z">
          <reporter-output>
          </reporter-output>
        </test-method> <!-- passTest -->
        <test-method status="PASS" signature="getResult(org.testng.ITestResult)[pri:0, instance:CitoolAutomationTesting.Quality_CallEvaluation@34c4973]" name="getResult" is-config="true" duration-ms="0" started-at="2018-11-08T17:42:57Z" finished-at="2018-11-08T17:42:57Z">
          <params>
            <param index="0">
              <value>
                <![CDATA[[TestResult name=passTest status=SUCCESS method=Quality_CallEvaluation.passTest()[pri:0, instance:CitoolAutomationTesting.Quality_CallEvaluation@34c4973] output={null}]]]>
              </value>
            </param>
          </params>
          <reporter-output>
          </reporter-output>
        </test-method> <!-- getResult -->
        <test-method status="PASS" signature="endReport()[pri:0, instance:CitoolAutomationTesting.Quality_CallEvaluation@34c4973]" name="endReport" is-config="true" duration-ms="1072" started-at="2018-11-08T17:42:57Z" finished-at="2018-11-08T17:42:58Z">
          <reporter-output>
          </reporter-output>
        </test-method> <!-- endReport -->
      </class> <!-- CitoolAutomationTesting.Quality_CallEvaluation -->
    </test> <!-- Default test -->
  </suite> <!-- Default suite -->
</testng-results>
